<component name="libraryTable">
  <library name="junit-4.11">
    <CLASSES>
      <root url="jar://$PROJECT_DIR$/ONSLAUGHT (REQUIRED FILES)/OPEN_CV/OPEN CV (MASTER)/modules/java/test/pure_test/lib/junit-4.11.jar!/" />
    </CLASSES>
    <JAVADOC />
    <SOURCES />
  </library>
</component>